<?xml version="1.0" encoding="UTF-8"?>

<persistence xmlns="http://java.sun.com/xml/ns/persistence" version="1.0">
	
	<persistence-unit name="testPU" transaction-type="RESOURCE_LOCAL">
		
		<class>com.demo.springmvc.domain.Member</class>
		
		<properties>
			<property name="hibernate.dialect" value="org.hibernate.dialect.Oracle10gDialect" />
			<property name="hibernate.show_sql" value="false" />
			<property name="hibernate.format_sql" value="false" />
			<property name="hibernate.use_sql_comments" value="false" />
			<property name="hibernate.cache.use_query_cache" value="false" />
			<property name="hibernate.cache.use_second_level_cache" value="false" />
			<property name="hibernate.temp.use_jdbc_metadata_defaults">false</property>
		</properties>
	
	</persistence-unit>
	
</persistence>